{
  "stats": {
    "suites": 9,
    "tests": 13,
    "passes": 13,
    "pending": 0,
    "failures": 0,
    "start": "2020-08-05T01:57:41.768Z",
    "end": "2020-08-05T01:57:41.819Z",
    "duration": 51,
    "testsRegistered": 13,
    "passPercent": 100,
    "pendingPercent": 0,
    "other": 0,
    "hasOther": false,
    "skipped": 0,
    "hasSkipped": false
  },
  "results": [
    {
      "uuid": "9b74aa59-d1ac-4d13-987e-0aa154afdc70",
      "title": "",
      "fullFile": "",
      "file": "",
      "beforeHooks": [],
      "afterHooks": [],
      "tests": [],
      "suites": [
        {
          "uuid": "9331f23e-92cc-452c-902f-35b70f193ee2",
          "title": "常用场景",
          "fullFile": "/Users/zhangye/Documents/code/code_yonyou/FormulaTextArea/test/FormulaEngine.test.js",
          "file": "/test/FormulaEngine.test.js",
          "beforeHooks": [],
          "afterHooks": [],
          "tests": [],
          "suites": [
            {
              "uuid": "e52f1554-bfab-4067-8c90-00cae5d68395",
              "title": "表内公式",
              "fullFile": "/Users/zhangye/Documents/code/code_yonyou/FormulaTextArea/test/FormulaEngine.test.js",
              "file": "/test/FormulaEngine.test.js",
              "beforeHooks": [],
              "afterHooks": [],
              "tests": [
                {
                  "title": "增值税纳税申报表主表:17=12+13-14-15+16",
                  "fullTitle": "常用场景 表内公式 增值税纳税申报表主表:17=12+13-14-15+16",
                  "timedOut": false,
                  "duration": 0,
                  "state": "passed",
                  "speed": "fast",
                  "pass": true,
                  "fail": false,
                  "pending": false,
                  "context": null,
                  "code": "",
                  "err": {},
                  "uuid": "52db494f-9735-41c1-8603-55a01b10534c",
                  "parentUUID": "e52f1554-bfab-4067-8c90-00cae5d68395",
                  "isHook": false,
                  "skipped": false
                }
              ],
              "suites": [],
              "passes": [
                "52db494f-9735-41c1-8603-55a01b10534c"
              ],
              "failures": [],
              "pending": [],
              "skipped": [],
              "duration": 0,
              "root": false,
              "rootEmpty": false,
              "_timeout": 2000
            }
          ],
          "passes": [],
          "failures": [],
          "pending": [],
          "skipped": [],
          "duration": 0,
          "root": false,
          "rootEmpty": false,
          "_timeout": 2000
        },
        {
          "uuid": "866e60a4-1582-4270-9fbb-18739f417ffc",
          "title": "图",
          "fullFile": "/Users/zhangye/Documents/code/code_yonyou/FormulaTextArea/src/platform/formula/core/test/Graph.test.js",
          "file": "/src/platform/formula/core/test/Graph.test.js",
          "beforeHooks": [],
          "afterHooks": [],
          "tests": [
            {
              "title": "应正确构造一个实例",
              "fullTitle": "图 应正确构造一个实例",
              "timedOut": false,
              "duration": 1,
              "state": "passed",
              "speed": "fast",
              "pass": true,
              "fail": false,
              "pending": false,
              "context": null,
              "code": "let second = new Map([\n  [1, 'uno'],\n  [2, 'dos']\n])\nconsole.log(second.get(1));\nconsole.log(...[1, 2]);",
              "err": {},
              "uuid": "7bb539cb-48aa-48da-bfa4-1771e9ba091a",
              "parentUUID": "866e60a4-1582-4270-9fbb-18739f417ffc",
              "isHook": false,
              "skipped": false
            }
          ],
          "suites": [],
          "passes": [
            "7bb539cb-48aa-48da-bfa4-1771e9ba091a"
          ],
          "failures": [],
          "pending": [],
          "skipped": [],
          "duration": 1,
          "root": false,
          "rootEmpty": false,
          "_timeout": 2000
        },
        {
          "uuid": "582d31d7-cae7-4c05-ac25-f3fac690de54",
          "title": "一般常量",
          "fullFile": "/Users/zhangye/Documents/code/code_yonyou/FormulaTextArea/src/platform/formula/test/SingleFormulaCore.literal.test.js",
          "file": "/src/platform/formula/test/SingleFormulaCore.literal.test.js",
          "beforeHooks": [],
          "afterHooks": [],
          "tests": [
            {
              "title": "识别:空",
              "fullTitle": "一般常量 识别:空",
              "timedOut": false,
              "duration": 16,
              "state": "passed",
              "speed": "fast",
              "pass": true,
              "fail": false,
              "pending": false,
              "context": null,
              "code": "assertList([\n  {\n    rawValue: 'null',\n    expected: null\n  }\n]);",
              "err": {},
              "uuid": "1740642b-c0a0-450e-894b-d1cc87412374",
              "parentUUID": "582d31d7-cae7-4c05-ac25-f3fac690de54",
              "isHook": false,
              "skipped": false
            }
          ],
          "suites": [
            {
              "uuid": "c3ebd4e4-0489-4dcf-a947-3547ed86add8",
              "title": "字符串",
              "fullFile": "/Users/zhangye/Documents/code/code_yonyou/FormulaTextArea/src/platform/formula/test/SingleFormulaCore.literal.test.js",
              "file": "/src/platform/formula/test/SingleFormulaCore.literal.test.js",
              "beforeHooks": [],
              "afterHooks": [],
              "tests": [
                {
                  "title": "字符串:识别",
                  "fullTitle": "一般常量 字符串 字符串:识别",
                  "timedOut": false,
                  "duration": 2,
                  "state": "passed",
                  "speed": "fast",
                  "pass": true,
                  "fail": false,
                  "pending": false,
                  "context": null,
                  "code": "assertList([\n  {\n    rawValue: \"\\\"OK\\\"\",\n    expected: \"OK\"\n  },\n  {\n    rawValue: \"\\\"\\\"\",\n    expected: \"\"\n  },\n  {\n    rawValue: \"\\\"\\\\\\\"\\\"\",\n    expected: \"\\\"\"\n  }\n]);",
                  "err": {},
                  "uuid": "6f45864d-2097-4b2a-abbc-79eebaf81f0f",
                  "parentUUID": "c3ebd4e4-0489-4dcf-a947-3547ed86add8",
                  "isHook": false,
                  "skipped": false
                }
              ],
              "suites": [
                {
                  "uuid": "3418efaa-b88d-440f-8d00-7102c77e3865",
                  "title": "字符串:识别:错误处理",
                  "fullFile": "/Users/zhangye/Documents/code/code_yonyou/FormulaTextArea/src/platform/formula/test/SingleFormulaCore.literal.test.js",
                  "file": "/src/platform/formula/test/SingleFormulaCore.literal.test.js",
                  "beforeHooks": [],
                  "afterHooks": [],
                  "tests": [
                    {
                      "title": "\"",
                      "fullTitle": "一般常量 字符串 字符串:识别:错误处理 \"",
                      "timedOut": false,
                      "duration": 3,
                      "state": "passed",
                      "speed": "fast",
                      "pass": true,
                      "fail": false,
                      "pending": false,
                      "context": null,
                      "code": "decorateCore('\"');",
                      "err": {},
                      "uuid": "0abaddea-a91e-4b8d-a299-8dbc24a46bf3",
                      "parentUUID": "3418efaa-b88d-440f-8d00-7102c77e3865",
                      "isHook": false,
                      "skipped": false
                    },
                    {
                      "title": "'",
                      "fullTitle": "一般常量 字符串 字符串:识别:错误处理 '",
                      "timedOut": false,
                      "duration": 1,
                      "state": "passed",
                      "speed": "fast",
                      "pass": true,
                      "fail": false,
                      "pending": false,
                      "context": null,
                      "code": "decorateCore('\\'');",
                      "err": {},
                      "uuid": "01c99500-8d21-4adc-96c8-e93cd3be800f",
                      "parentUUID": "3418efaa-b88d-440f-8d00-7102c77e3865",
                      "isHook": false,
                      "skipped": false
                    },
                    {
                      "title": "#",
                      "fullTitle": "一般常量 字符串 字符串:识别:错误处理 #",
                      "timedOut": false,
                      "duration": 0,
                      "state": "passed",
                      "speed": "fast",
                      "pass": true,
                      "fail": false,
                      "pending": false,
                      "context": null,
                      "code": "decorateCore('#');",
                      "err": {},
                      "uuid": "36c0740e-83f3-43eb-a441-1170a6452c86",
                      "parentUUID": "3418efaa-b88d-440f-8d00-7102c77e3865",
                      "isHook": false,
                      "skipped": false
                    }
                  ],
                  "suites": [],
                  "passes": [
                    "0abaddea-a91e-4b8d-a299-8dbc24a46bf3",
                    "01c99500-8d21-4adc-96c8-e93cd3be800f",
                    "36c0740e-83f3-43eb-a441-1170a6452c86"
                  ],
                  "failures": [],
                  "pending": [],
                  "skipped": [],
                  "duration": 4,
                  "root": false,
                  "rootEmpty": false,
                  "_timeout": 2000
                }
              ],
              "passes": [
                "6f45864d-2097-4b2a-abbc-79eebaf81f0f"
              ],
              "failures": [],
              "pending": [],
              "skipped": [],
              "duration": 2,
              "root": false,
              "rootEmpty": false,
              "_timeout": 2000
            },
            {
              "uuid": "0753ca0d-7d10-4fd5-b710-cdd13958770f",
              "title": "布尔",
              "fullFile": "/Users/zhangye/Documents/code/code_yonyou/FormulaTextArea/src/platform/formula/test/SingleFormulaCore.literal.test.js",
              "file": "/src/platform/formula/test/SingleFormulaCore.literal.test.js",
              "beforeHooks": [],
              "afterHooks": [],
              "tests": [
                {
                  "title": "识别:布尔",
                  "fullTitle": "一般常量 布尔 识别:布尔",
                  "timedOut": false,
                  "duration": 2,
                  "state": "passed",
                  "speed": "fast",
                  "pass": true,
                  "fail": false,
                  "pending": false,
                  "context": null,
                  "code": "assertList([\n  {\n    rawValue: \"true\",\n    expected: true\n  },\n  {\n    rawValue: \"false\",\n    expected: false\n  }\n]);",
                  "err": {},
                  "uuid": "68356b40-832b-4cc0-a236-ec09af3bb60b",
                  "parentUUID": "0753ca0d-7d10-4fd5-b710-cdd13958770f",
                  "isHook": false,
                  "skipped": false
                }
              ],
              "suites": [],
              "passes": [
                "68356b40-832b-4cc0-a236-ec09af3bb60b"
              ],
              "failures": [],
              "pending": [],
              "skipped": [],
              "duration": 2,
              "root": false,
              "rootEmpty": false,
              "_timeout": 2000
            },
            {
              "uuid": "b2f2ec90-2f0e-41fe-8070-519669d9df3f",
              "title": "数字",
              "fullFile": "/Users/zhangye/Documents/code/code_yonyou/FormulaTextArea/src/platform/formula/test/SingleFormulaCore.literal.test.js",
              "file": "/src/platform/formula/test/SingleFormulaCore.literal.test.js",
              "beforeHooks": [],
              "afterHooks": [],
              "tests": [
                {
                  "title": "识别:数字",
                  "fullTitle": "一般常量 数字 识别:数字",
                  "timedOut": false,
                  "duration": 10,
                  "state": "passed",
                  "speed": "fast",
                  "pass": true,
                  "fail": false,
                  "pending": false,
                  "context": null,
                  "code": "assertList([\n  {\n    rawValue: '1',\n    expected: 1\n  },\n  {\n    rawValue: '-1',\n    expected: -1\n  },\n  {\n    rawValue: '0',\n    expected: 0\n  },\n  {\n    rawValue: '1.2',\n    expected: 1.2\n  },\n  {\n    rawValue: '0.1',\n    expected: 0.1\n  },\n  {\n    rawValue: '-0.1',\n    expected: -0.1\n  },\n  {\n    rawValue: '13%',\n    expected: 0.13\n  },\n  {\n    rawValue: '+1',\n    expected: 1\n  },\n  {\n    rawValue: '+0',\n    expected: 0\n  },\n  {\n    rawValue: '-0',\n    expected: -0\n  },\n  {\n    rawValue: '0.0',\n    expected: 0\n  },\n  {\n    rawValue: '0.00',\n    expected: 0\n  },\n  {\n    rawValue: '100%',\n    expected: 1\n  }\n]);",
                  "err": {},
                  "uuid": "3b8d6e29-7c9c-46ff-9d26-d7ebdd0f19c4",
                  "parentUUID": "b2f2ec90-2f0e-41fe-8070-519669d9df3f",
                  "isHook": false,
                  "skipped": false
                }
              ],
              "suites": [
                {
                  "uuid": "c0c719df-5a2e-4543-bd0c-25eaf4a888e2",
                  "title": "数字:错误处理",
                  "fullFile": "/Users/zhangye/Documents/code/code_yonyou/FormulaTextArea/src/platform/formula/test/SingleFormulaCore.literal.test.js",
                  "file": "/src/platform/formula/test/SingleFormulaCore.literal.test.js",
                  "beforeHooks": [],
                  "afterHooks": [],
                  "tests": [
                    {
                      "title": "1-",
                      "fullTitle": "一般常量 数字 数字:错误处理 1-",
                      "timedOut": false,
                      "duration": 2,
                      "state": "passed",
                      "speed": "fast",
                      "pass": true,
                      "fail": false,
                      "pending": false,
                      "context": null,
                      "code": "decorateCore('1-');",
                      "err": {},
                      "uuid": "9fe48a7b-b1bf-427c-ab8d-b51050ef918b",
                      "parentUUID": "c0c719df-5a2e-4543-bd0c-25eaf4a888e2",
                      "isHook": false,
                      "skipped": false
                    },
                    {
                      "title": "1a",
                      "fullTitle": "一般常量 数字 数字:错误处理 1a",
                      "timedOut": false,
                      "duration": 1,
                      "state": "passed",
                      "speed": "fast",
                      "pass": true,
                      "fail": false,
                      "pending": false,
                      "context": null,
                      "code": "decorateCore('1a');",
                      "err": {},
                      "uuid": "ade5817d-5cd3-44cf-8f53-64be7a270b01",
                      "parentUUID": "c0c719df-5a2e-4543-bd0c-25eaf4a888e2",
                      "isHook": false,
                      "skipped": false
                    },
                    {
                      "title": "a.0",
                      "fullTitle": "一般常量 数字 数字:错误处理 a.0",
                      "timedOut": false,
                      "duration": 1,
                      "state": "passed",
                      "speed": "fast",
                      "pass": true,
                      "fail": false,
                      "pending": false,
                      "context": null,
                      "code": "decorateCore('a.0');",
                      "err": {},
                      "uuid": "9637ccb4-7fe6-4547-999f-28d48e489865",
                      "parentUUID": "c0c719df-5a2e-4543-bd0c-25eaf4a888e2",
                      "isHook": false,
                      "skipped": false
                    },
                    {
                      "title": "0.a",
                      "fullTitle": "一般常量 数字 数字:错误处理 0.a",
                      "timedOut": false,
                      "duration": 0,
                      "state": "passed",
                      "speed": "fast",
                      "pass": true,
                      "fail": false,
                      "pending": false,
                      "context": null,
                      "code": "decorateCore('0.a');",
                      "err": {},
                      "uuid": "149e816e-cd4f-4af0-835d-a08c328f6cbe",
                      "parentUUID": "c0c719df-5a2e-4543-bd0c-25eaf4a888e2",
                      "isHook": false,
                      "skipped": false
                    }
                  ],
                  "suites": [],
                  "passes": [
                    "9fe48a7b-b1bf-427c-ab8d-b51050ef918b",
                    "ade5817d-5cd3-44cf-8f53-64be7a270b01",
                    "9637ccb4-7fe6-4547-999f-28d48e489865",
                    "149e816e-cd4f-4af0-835d-a08c328f6cbe"
                  ],
                  "failures": [],
                  "pending": [],
                  "skipped": [],
                  "duration": 4,
                  "root": false,
                  "rootEmpty": false,
                  "_timeout": 2000
                }
              ],
              "passes": [
                "3b8d6e29-7c9c-46ff-9d26-d7ebdd0f19c4"
              ],
              "failures": [],
              "pending": [],
              "skipped": [],
              "duration": 10,
              "root": false,
              "rootEmpty": false,
              "_timeout": 2000
            }
          ],
          "passes": [
            "1740642b-c0a0-450e-894b-d1cc87412374"
          ],
          "failures": [],
          "pending": [],
          "skipped": [],
          "duration": 16,
          "root": false,
          "rootEmpty": false,
          "_timeout": 2000
        }
      ],
      "passes": [],
      "failures": [],
      "pending": [],
      "skipped": [],
      "duration": 0,
      "root": true,
      "rootEmpty": true,
      "_timeout": 2000
    }
  ],
  "meta": {
    "mocha": {
      "version": "8.0.1"
    },
    "mochawesome": {
      "options": {
        "quiet": false,
        "reportFilename": "mochawesome",
        "saveHtml": true,
        "saveJson": true,
        "consoleReporter": "spec",
        "useInlineDiffs": false,
        "code": true
      },
      "version": "6.1.1"
    },
    "marge": {
      "options": null,
      "version": "5.1.0"
    }
  }
}